<?xml version="1.0" encoding="UTF-8"?>
<testsuite xmlns:xsi="http://www.w3.org/2001/XMLSchema-instance" xsi:noNamespaceSchemaLocation="https://maven.apache.org/surefire/maven-surefire-plugin/xsd/surefire-test-report.xsd" name="TestSuite" time="0.68" tests="0" errors="0" skipped="0" failures="0">
  <properties>
    <property name="java.specification.version" value="17"/>
    <property name="sun.cpu.isalist" value="amd64"/>
    <property name="sun.jnu.encoding" value="Cp1252"/>
    <property name="java.class.path" value="C:\Users\saura\eclipse-workspace\ET_API_Test\target\test-classes;C:\Users\saura\eclipse-workspace\ET_API_Test\target\classes;C:\Users\saura\.m2\repository\org\codehaus\groovy\groovy\3.0.2\groovy-3.0.2.jar;C:\Users\saura\.m2\repository\org\codehaus\groovy\groovy-ant\3.0.2\groovy-ant-3.0.2.jar;C:\Users\saura\.m2\repository\org\apache\ant\ant\1.10.7\ant-1.10.7.jar;C:\Users\saura\.m2\repository\org\apache\ant\ant-junit\1.10.7\ant-junit-1.10.7.jar;C:\Users\saura\.m2\repository\org\apache\ant\ant-launcher\1.10.7\ant-launcher-1.10.7.jar;C:\Users\saura\.m2\repository\org\apache\ant\ant-antlr\1.10.7\ant-antlr-1.10.7.jar;C:\Users\saura\.m2\repository\org\codehaus\groovy\groovy-astbuilder\3.0.2\groovy-astbuilder-3.0.2.jar;C:\Users\saura\.m2\repository\org\codehaus\groovy\groovy-cli-picocli\3.0.2\groovy-cli-picocli-3.0.2.jar;C:\Users\saura\.m2\repository\info\picocli\picocli\4.1.4\picocli-4.1.4.jar;C:\Users\saura\.m2\repository\org\codehaus\groovy\groovy-console\3.0.2\groovy-console-3.0.2.jar;C:\Users\saura\.m2\repository\org\codehaus\groovy\groovy-datetime\3.0.2\groovy-datetime-3.0.2.jar;C:\Users\saura\.m2\repository\org\codehaus\groovy\groovy-docgenerator\3.0.2\groovy-docgenerator-3.0.2.jar;C:\Users\saura\.m2\repository\com\thoughtworks\qdox\qdox\1.12.1\qdox-1.12.1.jar;C:\Users\saura\.m2\repository\org\codehaus\groovy\groovy-groovydoc\3.0.2\groovy-groovydoc-3.0.2.jar;C:\Users\saura\.m2\repository\com\github\javaparser\javaparser-core\3.15.13\javaparser-core-3.15.13.jar;C:\Users\saura\.m2\repository\org\codehaus\groovy\groovy-groovysh\3.0.2\groovy-groovysh-3.0.2.jar;C:\Users\saura\.m2\repository\jline\jline\2.14.6\jline-2.14.6.jar;C:\Users\saura\.m2\repository\org\codehaus\groovy\groovy-jmx\3.0.2\groovy-jmx-3.0.2.jar;C:\Users\saura\.m2\repository\org\codehaus\groovy\groovy-json\3.0.2\groovy-json-3.0.2.jar;C:\Users\saura\.m2\repository\org\codehaus\groovy\groovy-jsr223\3.0.2\groovy-jsr223-3.0.2.jar;C:\Users\saura\.m2\repository\org\codehaus\groovy\groovy-macro\3.0.2\groovy-macro-3.0.2.jar;C:\Users\saura\.m2\repository\org\codehaus\groovy\groovy-nio\3.0.2\groovy-nio-3.0.2.jar;C:\Users\saura\.m2\repository\org\codehaus\groovy\groovy-servlet\3.0.2\groovy-servlet-3.0.2.jar;C:\Users\saura\.m2\repository\org\codehaus\groovy\groovy-sql\3.0.2\groovy-sql-3.0.2.jar;C:\Users\saura\.m2\repository\org\codehaus\groovy\groovy-swing\3.0.2\groovy-swing-3.0.2.jar;C:\Users\saura\.m2\repository\org\codehaus\groovy\groovy-templates\3.0.2\groovy-templates-3.0.2.jar;C:\Users\saura\.m2\repository\org\codehaus\groovy\groovy-test\3.0.2\groovy-test-3.0.2.jar;C:\Users\saura\.m2\repository\org\codehaus\groovy\groovy-test-junit5\3.0.2\groovy-test-junit5-3.0.2.jar;C:\Users\saura\.m2\repository\org\junit\platform\junit-platform-launcher\1.6.0\junit-platform-launcher-1.6.0.jar;C:\Users\saura\.m2\repository\org\junit\platform\junit-platform-engine\1.6.0\junit-platform-engine-1.6.0.jar;C:\Users\saura\.m2\repository\org\opentest4j\opentest4j\1.2.0\opentest4j-1.2.0.jar;C:\Users\saura\.m2\repository\org\junit\platform\junit-platform-commons\1.6.0\junit-platform-commons-1.6.0.jar;C:\Users\saura\.m2\repository\org\junit\jupiter\junit-jupiter-engine\5.6.0\junit-jupiter-engine-5.6.0.jar;C:\Users\saura\.m2\repository\org\junit\jupiter\junit-jupiter-api\5.6.0\junit-jupiter-api-5.6.0.jar;C:\Users\saura\.m2\repository\org\codehaus\groovy\groovy-testng\3.0.2\groovy-testng-3.0.2.jar;C:\Users\saura\.m2\repository\org\codehaus\groovy\groovy-xml\3.0.2\groovy-xml-3.0.2.jar;C:\Users\saura\.m2\repository\junit\junit\4.11\junit-4.11.jar;C:\Users\saura\.m2\repository\org\hamcrest\hamcrest-core\1.3\hamcrest-core-1.3.jar;C:\Users\saura\.m2\repository\io\cucumber\cucumber-java\5.7.0\cucumber-java-5.7.0.jar;C:\Users\saura\.m2\repository\io\cucumber\cucumber-core\5.7.0\cucumber-core-5.7.0.jar;C:\Users\saura\.m2\repository\io\cucumber\cucumber-gherkin\5.7.0\cucumber-gherkin-5.7.0.jar;C:\Users\saura\.m2\repository\io\cucumber\cucumber-gherkin-vintage\5.7.0\cucumber-gherkin-vintage-5.7.0.jar;C:\Users\saura\.m2\repository\io\cucumber\tag-expressions\2.0.4\tag-expressions-2.0.4.jar;C:\Users\saura\.m2\repository\io\cucumber\cucumber-expressions\8.3.1\cucumber-expressions-8.3.1.jar;C:\Users\saura\.m2\repository\io\cucumber\datatable\3.3.1\datatable-3.3.1.jar;C:\Users\saura\.m2\repository\io\cucumber\cucumber-plugin\5.7.0\cucumber-plugin-5.7.0.jar;C:\Users\saura\.m2\repository\io\cucumber\docstring\5.7.0\docstring-5.7.0.jar;C:\Users\saura\.m2\repository\org\apiguardian\apiguardian-api\1.1.0\apiguardian-api-1.1.0.jar;C:\Users\saura\.m2\repository\io\github\bonigarcia\webdrivermanager\3.7.1\webdrivermanager-3.7.1.jar;C:\Users\saura\.m2\repository\org\slf4j\slf4j-api\1.7.25\slf4j-api-1.7.25.jar;C:\Users\saura\.m2\repository\commons-io\commons-io\2.6\commons-io-2.6.jar;C:\Users\saura\.m2\repository\com\google\code\gson\gson\2.8.5\gson-2.8.5.jar;C:\Users\saura\.m2\repository\org\apache\commons\commons-lang3\3.8.1\commons-lang3-3.8.1.jar;C:\Users\saura\.m2\repository\org\apache\httpcomponents\httpclient\4.5.6\httpclient-4.5.6.jar;C:\Users\saura\.m2\repository\org\rauschig\jarchivelib\1.0.0\jarchivelib-1.0.0.jar;C:\Users\saura\.m2\repository\org\apache\commons\commons-compress\1.18\commons-compress-1.18.jar;C:\Users\saura\.m2\repository\org\jsoup\jsoup\1.11.3\jsoup-1.11.3.jar;C:\Users\saura\.m2\repository\io\cucumber\cucumber-junit\5.7.0\cucumber-junit-5.7.0.jar;C:\Users\saura\.m2\repository\org\seleniumhq\selenium\selenium-java\3.14.0\selenium-java-3.14.0.jar;C:\Users\saura\.m2\repository\org\seleniumhq\selenium\selenium-api\3.14.0\selenium-api-3.14.0.jar;C:\Users\saura\.m2\repository\org\seleniumhq\selenium\selenium-chrome-driver\3.14.0\selenium-chrome-driver-3.14.0.jar;C:\Users\saura\.m2\repository\org\seleniumhq\selenium\selenium-edge-driver\3.14.0\selenium-edge-driver-3.14.0.jar;C:\Users\saura\.m2\repository\org\seleniumhq\selenium\selenium-firefox-driver\3.14.0\selenium-firefox-driver-3.14.0.jar;C:\Users\saura\.m2\repository\org\seleniumhq\selenium\selenium-ie-driver\3.14.0\selenium-ie-driver-3.14.0.jar;C:\Users\saura\.m2\repository\org\seleniumhq\selenium\selenium-opera-driver\3.14.0\selenium-opera-driver-3.14.0.jar;C:\Users\saura\.m2\repository\org\seleniumhq\selenium\selenium-remote-driver\3.14.0\selenium-remote-driver-3.14.0.jar;C:\Users\saura\.m2\repository\org\seleniumhq\selenium\selenium-safari-driver\3.14.0\selenium-safari-driver-3.14.0.jar;C:\Users\saura\.m2\repository\org\seleniumhq\selenium\selenium-support\3.14.0\selenium-support-3.14.0.jar;C:\Users\saura\.m2\repository\net\bytebuddy\byte-buddy\1.8.15\byte-buddy-1.8.15.jar;C:\Users\saura\.m2\repository\org\apache\commons\commons-exec\1.3\commons-exec-1.3.jar;C:\Users\saura\.m2\repository\commons-codec\commons-codec\1.10\commons-codec-1.10.jar;C:\Users\saura\.m2\repository\commons-logging\commons-logging\1.2\commons-logging-1.2.jar;C:\Users\saura\.m2\repository\com\google\guava\guava\25.0-jre\guava-25.0-jre.jar;C:\Users\saura\.m2\repository\com\google\code\findbugs\jsr305\1.3.9\jsr305-1.3.9.jar;C:\Users\saura\.m2\repository\org\checkerframework\checker-compat-qual\2.0.0\checker-compat-qual-2.0.0.jar;C:\Users\saura\.m2\repository\com\google\errorprone\error_prone_annotations\2.1.3\error_prone_annotations-2.1.3.jar;C:\Users\saura\.m2\repository\com\google\j2objc\j2objc-annotations\1.1\j2objc-annotations-1.1.jar;C:\Users\saura\.m2\repository\org\codehaus\mojo\animal-sniffer-annotations\1.14\animal-sniffer-annotations-1.14.jar;C:\Users\saura\.m2\repository\org\apache\httpcomponents\httpcore\4.4.9\httpcore-4.4.9.jar;C:\Users\saura\.m2\repository\com\squareup\okhttp3\okhttp\3.10.0\okhttp-3.10.0.jar;C:\Users\saura\.m2\repository\com\squareup\okio\okio\1.14.1\okio-1.14.1.jar;C:\Users\saura\.m2\repository\io\cucumber\cucumber-testng\4.7.1\cucumber-testng-4.7.1.jar;C:\Users\saura\.m2\repository\org\testng\testng\6.14.3\testng-6.14.3.jar;C:\Users\saura\.m2\repository\com\beust\jcommander\1.72\jcommander-1.72.jar;C:\Users\saura\.m2\repository\org\apache-extras\beanshell\bsh\2.0b6\bsh-2.0b6.jar;C:\Users\saura\.m2\repository\info\cukes\cucumber-junit\1.2.5\cucumber-junit-1.2.5.jar;C:\Users\saura\.m2\repository\info\cukes\cucumber-core\1.2.5\cucumber-core-1.2.5.jar;C:\Users\saura\.m2\repository\info\cukes\cucumber-html\0.2.3\cucumber-html-0.2.3.jar;C:\Users\saura\.m2\repository\info\cukes\cucumber-jvm-deps\1.0.5\cucumber-jvm-deps-1.0.5.jar;C:\Users\saura\.m2\repository\info\cukes\gherkin\2.12.2\gherkin-2.12.2.jar;C:\Users\saura\.m2\repository\info\cukes\cucumber-java\1.2.5\cucumber-java-1.2.5.jar;C:\Users\saura\.m2\repository\io\rest-assured\rest-assured\4.1.1\rest-assured-4.1.1.jar;C:\Users\saura\.m2\repository\org\apache\httpcomponents\httpmime\4.5.3\httpmime-4.5.3.jar;C:\Users\saura\.m2\repository\org\hamcrest\hamcrest\2.1\hamcrest-2.1.jar;C:\Users\saura\.m2\repository\org\ccil\cowan\tagsoup\tagsoup\1.2.1\tagsoup-1.2.1.jar;C:\Users\saura\.m2\repository\io\rest-assured\json-path\4.1.1\json-path-4.1.1.jar;C:\Users\saura\.m2\repository\io\rest-assured\rest-assured-common\4.1.1\rest-assured-common-4.1.1.jar;C:\Users\saura\.m2\repository\io\rest-assured\xml-path\4.1.1\xml-path-4.1.1.jar;C:\Users\saura\.m2\repository\javax\xml\bind\jaxb-api\2.3.1\jaxb-api-2.3.1.jar;C:\Users\saura\.m2\repository\javax\activation\javax.activation-api\1.2.0\javax.activation-api-1.2.0.jar;C:\Users\saura\.m2\repository\com\sun\xml\bind\jaxb-osgi\2.3.0.1\jaxb-osgi-2.3.0.1.jar;C:\Users\saura\.m2\repository\org\apache\sling\org.apache.sling.javax.activation\0.1.0\org.apache.sling.javax.activation-0.1.0.jar;C:\Users\saura\.m2\repository\javax\activation\activation\1.1.1\activation-1.1.1.jar;C:\Users\saura\.m2\repository\org\apache\maven\surefire\surefire-testng-utils\2.22.0\surefire-testng-utils-2.22.0.jar;C:\Users\saura\.m2\repository\org\apache\maven\surefire\surefire-grouper\2.22.0\surefire-grouper-2.22.0.jar;"/>
    <property name="java.vm.vendor" value="Oracle Corporation"/>
    <property name="sun.arch.data.model" value="64"/>
    <property name="user.variant" value=""/>
    <property name="java.vendor.url" value="https://java.oracle.com/"/>
    <property name="user.timezone" value="Asia/Calcutta"/>
    <property name="os.name" value="Windows 11"/>
    <property name="java.vm.specification.version" value="17"/>
    <property name="sun.java.launcher" value="SUN_STANDARD"/>
    <property name="user.country" value="IN"/>
    <property name="sun.boot.library.path" value="C:\Program Files\Java\jdk-17.0.5\bin"/>
    <property name="sun.java.command" value="C:\Users\saura\AppData\Local\Temp\surefire6335483218626133013\surefirebooter13035988136804732083.jar C:\Users\saura\AppData\Local\Temp\surefire6335483218626133013 2023-01-22T16-10-13_954-jvmRun1 surefire4891422673584186244tmp surefire_011738660197322013055tmp"/>
    <property name="jdk.debug" value="release"/>
    <property name="surefire.test.class.path" value="C:\Users\saura\eclipse-workspace\ET_API_Test\target\test-classes;C:\Users\saura\eclipse-workspace\ET_API_Test\target\classes;C:\Users\saura\.m2\repository\org\codehaus\groovy\groovy\3.0.2\groovy-3.0.2.jar;C:\Users\saura\.m2\repository\org\codehaus\groovy\groovy-ant\3.0.2\groovy-ant-3.0.2.jar;C:\Users\saura\.m2\repository\org\apache\ant\ant\1.10.7\ant-1.10.7.jar;C:\Users\saura\.m2\repository\org\apache\ant\ant-junit\1.10.7\ant-junit-1.10.7.jar;C:\Users\saura\.m2\repository\org\apache\ant\ant-launcher\1.10.7\ant-launcher-1.10.7.jar;C:\Users\saura\.m2\repository\org\apache\ant\ant-antlr\1.10.7\ant-antlr-1.10.7.jar;C:\Users\saura\.m2\repository\org\codehaus\groovy\groovy-astbuilder\3.0.2\groovy-astbuilder-3.0.2.jar;C:\Users\saura\.m2\repository\org\codehaus\groovy\groovy-cli-picocli\3.0.2\groovy-cli-picocli-3.0.2.jar;C:\Users\saura\.m2\repository\info\picocli\picocli\4.1.4\picocli-4.1.4.jar;C:\Users\saura\.m2\repository\org\codehaus\groovy\groovy-console\3.0.2\groovy-console-3.0.2.jar;C:\Users\saura\.m2\repository\org\codehaus\groovy\groovy-datetime\3.0.2\groovy-datetime-3.0.2.jar;C:\Users\saura\.m2\repository\org\codehaus\groovy\groovy-docgenerator\3.0.2\groovy-docgenerator-3.0.2.jar;C:\Users\saura\.m2\repository\com\thoughtworks\qdox\qdox\1.12.1\qdox-1.12.1.jar;C:\Users\saura\.m2\repository\org\codehaus\groovy\groovy-groovydoc\3.0.2\groovy-groovydoc-3.0.2.jar;C:\Users\saura\.m2\repository\com\github\javaparser\javaparser-core\3.15.13\javaparser-core-3.15.13.jar;C:\Users\saura\.m2\repository\org\codehaus\groovy\groovy-groovysh\3.0.2\groovy-groovysh-3.0.2.jar;C:\Users\saura\.m2\repository\jline\jline\2.14.6\jline-2.14.6.jar;C:\Users\saura\.m2\repository\org\codehaus\groovy\groovy-jmx\3.0.2\groovy-jmx-3.0.2.jar;C:\Users\saura\.m2\repository\org\codehaus\groovy\groovy-json\3.0.2\groovy-json-3.0.2.jar;C:\Users\saura\.m2\repository\org\codehaus\groovy\groovy-jsr223\3.0.2\groovy-jsr223-3.0.2.jar;C:\Users\saura\.m2\repository\org\codehaus\groovy\groovy-macro\3.0.2\groovy-macro-3.0.2.jar;C:\Users\saura\.m2\repository\org\codehaus\groovy\groovy-nio\3.0.2\groovy-nio-3.0.2.jar;C:\Users\saura\.m2\repository\org\codehaus\groovy\groovy-servlet\3.0.2\groovy-servlet-3.0.2.jar;C:\Users\saura\.m2\repository\org\codehaus\groovy\groovy-sql\3.0.2\groovy-sql-3.0.2.jar;C:\Users\saura\.m2\repository\org\codehaus\groovy\groovy-swing\3.0.2\groovy-swing-3.0.2.jar;C:\Users\saura\.m2\repository\org\codehaus\groovy\groovy-templates\3.0.2\groovy-templates-3.0.2.jar;C:\Users\saura\.m2\repository\org\codehaus\groovy\groovy-test\3.0.2\groovy-test-3.0.2.jar;C:\Users\saura\.m2\repository\org\codehaus\groovy\groovy-test-junit5\3.0.2\groovy-test-junit5-3.0.2.jar;C:\Users\saura\.m2\repository\org\junit\platform\junit-platform-launcher\1.6.0\junit-platform-launcher-1.6.0.jar;C:\Users\saura\.m2\repository\org\junit\platform\junit-platform-engine\1.6.0\junit-platform-engine-1.6.0.jar;C:\Users\saura\.m2\repository\org\opentest4j\opentest4j\1.2.0\opentest4j-1.2.0.jar;C:\Users\saura\.m2\repository\org\junit\platform\junit-platform-commons\1.6.0\junit-platform-commons-1.6.0.jar;C:\Users\saura\.m2\repository\org\junit\jupiter\junit-jupiter-engine\5.6.0\junit-jupiter-engine-5.6.0.jar;C:\Users\saura\.m2\repository\org\junit\jupiter\junit-jupiter-api\5.6.0\junit-jupiter-api-5.6.0.jar;C:\Users\saura\.m2\repository\org\codehaus\groovy\groovy-testng\3.0.2\groovy-testng-3.0.2.jar;C:\Users\saura\.m2\repository\org\codehaus\groovy\groovy-xml\3.0.2\groovy-xml-3.0.2.jar;C:\Users\saura\.m2\repository\junit\junit\4.11\junit-4.11.jar;C:\Users\saura\.m2\repository\org\hamcrest\hamcrest-core\1.3\hamcrest-core-1.3.jar;C:\Users\saura\.m2\repository\io\cucumber\cucumber-java\5.7.0\cucumber-java-5.7.0.jar;C:\Users\saura\.m2\repository\io\cucumber\cucumber-core\5.7.0\cucumber-core-5.7.0.jar;C:\Users\saura\.m2\repository\io\cucumber\cucumber-gherkin\5.7.0\cucumber-gherkin-5.7.0.jar;C:\Users\saura\.m2\repository\io\cucumber\cucumber-gherkin-vintage\5.7.0\cucumber-gherkin-vintage-5.7.0.jar;C:\Users\saura\.m2\repository\io\cucumber\tag-expressions\2.0.4\tag-expressions-2.0.4.jar;C:\Users\saura\.m2\repository\io\cucumber\cucumber-expressions\8.3.1\cucumber-expressions-8.3.1.jar;C:\Users\saura\.m2\repository\io\cucumber\datatable\3.3.1\datatable-3.3.1.jar;C:\Users\saura\.m2\repository\io\cucumber\cucumber-plugin\5.7.0\cucumber-plugin-5.7.0.jar;C:\Users\saura\.m2\repository\io\cucumber\docstring\5.7.0\docstring-5.7.0.jar;C:\Users\saura\.m2\repository\org\apiguardian\apiguardian-api\1.1.0\apiguardian-api-1.1.0.jar;C:\Users\saura\.m2\repository\io\github\bonigarcia\webdrivermanager\3.7.1\webdrivermanager-3.7.1.jar;C:\Users\saura\.m2\repository\org\slf4j\slf4j-api\1.7.25\slf4j-api-1.7.25.jar;C:\Users\saura\.m2\repository\commons-io\commons-io\2.6\commons-io-2.6.jar;C:\Users\saura\.m2\repository\com\google\code\gson\gson\2.8.5\gson-2.8.5.jar;C:\Users\saura\.m2\repository\org\apache\commons\commons-lang3\3.8.1\commons-lang3-3.8.1.jar;C:\Users\saura\.m2\repository\org\apache\httpcomponents\httpclient\4.5.6\httpclient-4.5.6.jar;C:\Users\saura\.m2\repository\org\rauschig\jarchivelib\1.0.0\jarchivelib-1.0.0.jar;C:\Users\saura\.m2\repository\org\apache\commons\commons-compress\1.18\commons-compress-1.18.jar;C:\Users\saura\.m2\repository\org\jsoup\jsoup\1.11.3\jsoup-1.11.3.jar;C:\Users\saura\.m2\repository\io\cucumber\cucumber-junit\5.7.0\cucumber-junit-5.7.0.jar;C:\Users\saura\.m2\repository\org\seleniumhq\selenium\selenium-java\3.14.0\selenium-java-3.14.0.jar;C:\Users\saura\.m2\repository\org\seleniumhq\selenium\selenium-api\3.14.0\selenium-api-3.14.0.jar;C:\Users\saura\.m2\repository\org\seleniumhq\selenium\selenium-chrome-driver\3.14.0\selenium-chrome-driver-3.14.0.jar;C:\Users\saura\.m2\repository\org\seleniumhq\selenium\selenium-edge-driver\3.14.0\selenium-edge-driver-3.14.0.jar;C:\Users\saura\.m2\repository\org\seleniumhq\selenium\selenium-firefox-driver\3.14.0\selenium-firefox-driver-3.14.0.jar;C:\Users\saura\.m2\repository\org\seleniumhq\selenium\selenium-ie-driver\3.14.0\selenium-ie-driver-3.14.0.jar;C:\Users\saura\.m2\repository\org\seleniumhq\selenium\selenium-opera-driver\3.14.0\selenium-opera-driver-3.14.0.jar;C:\Users\saura\.m2\repository\org\seleniumhq\selenium\selenium-remote-driver\3.14.0\selenium-remote-driver-3.14.0.jar;C:\Users\saura\.m2\repository\org\seleniumhq\selenium\selenium-safari-driver\3.14.0\selenium-safari-driver-3.14.0.jar;C:\Users\saura\.m2\repository\org\seleniumhq\selenium\selenium-support\3.14.0\selenium-support-3.14.0.jar;C:\Users\saura\.m2\repository\net\bytebuddy\byte-buddy\1.8.15\byte-buddy-1.8.15.jar;C:\Users\saura\.m2\repository\org\apache\commons\commons-exec\1.3\commons-exec-1.3.jar;C:\Users\saura\.m2\repository\commons-codec\commons-codec\1.10\commons-codec-1.10.jar;C:\Users\saura\.m2\repository\commons-logging\commons-logging\1.2\commons-logging-1.2.jar;C:\Users\saura\.m2\repository\com\google\guava\guava\25.0-jre\guava-25.0-jre.jar;C:\Users\saura\.m2\repository\com\google\code\findbugs\jsr305\1.3.9\jsr305-1.3.9.jar;C:\Users\saura\.m2\repository\org\checkerframework\checker-compat-qual\2.0.0\checker-compat-qual-2.0.0.jar;C:\Users\saura\.m2\repository\com\google\errorprone\error_prone_annotations\2.1.3\error_prone_annotations-2.1.3.jar;C:\Users\saura\.m2\repository\com\google\j2objc\j2objc-annotations\1.1\j2objc-annotations-1.1.jar;C:\Users\saura\.m2\repository\org\codehaus\mojo\animal-sniffer-annotations\1.14\animal-sniffer-annotations-1.14.jar;C:\Users\saura\.m2\repository\org\apache\httpcomponents\httpcore\4.4.9\httpcore-4.4.9.jar;C:\Users\saura\.m2\repository\com\squareup\okhttp3\okhttp\3.10.0\okhttp-3.10.0.jar;C:\Users\saura\.m2\repository\com\squareup\okio\okio\1.14.1\okio-1.14.1.jar;C:\Users\saura\.m2\repository\io\cucumber\cucumber-testng\4.7.1\cucumber-testng-4.7.1.jar;C:\Users\saura\.m2\repository\org\testng\testng\6.14.3\testng-6.14.3.jar;C:\Users\saura\.m2\repository\com\beust\jcommander\1.72\jcommander-1.72.jar;C:\Users\saura\.m2\repository\org\apache-extras\beanshell\bsh\2.0b6\bsh-2.0b6.jar;C:\Users\saura\.m2\repository\info\cukes\cucumber-junit\1.2.5\cucumber-junit-1.2.5.jar;C:\Users\saura\.m2\repository\info\cukes\cucumber-core\1.2.5\cucumber-core-1.2.5.jar;C:\Users\saura\.m2\repository\info\cukes\cucumber-html\0.2.3\cucumber-html-0.2.3.jar;C:\Users\saura\.m2\repository\info\cukes\cucumber-jvm-deps\1.0.5\cucumber-jvm-deps-1.0.5.jar;C:\Users\saura\.m2\repository\info\cukes\gherkin\2.12.2\gherkin-2.12.2.jar;C:\Users\saura\.m2\repository\info\cukes\cucumber-java\1.2.5\cucumber-java-1.2.5.jar;C:\Users\saura\.m2\repository\io\rest-assured\rest-assured\4.1.1\rest-assured-4.1.1.jar;C:\Users\saura\.m2\repository\org\apache\httpcomponents\httpmime\4.5.3\httpmime-4.5.3.jar;C:\Users\saura\.m2\repository\org\hamcrest\hamcrest\2.1\hamcrest-2.1.jar;C:\Users\saura\.m2\repository\org\ccil\cowan\tagsoup\tagsoup\1.2.1\tagsoup-1.2.1.jar;C:\Users\saura\.m2\repository\io\rest-assured\json-path\4.1.1\json-path-4.1.1.jar;C:\Users\saura\.m2\repository\io\rest-assured\rest-assured-common\4.1.1\rest-assured-common-4.1.1.jar;C:\Users\saura\.m2\repository\io\rest-assured\xml-path\4.1.1\xml-path-4.1.1.jar;C:\Users\saura\.m2\repository\javax\xml\bind\jaxb-api\2.3.1\jaxb-api-2.3.1.jar;C:\Users\saura\.m2\repository\javax\activation\javax.activation-api\1.2.0\javax.activation-api-1.2.0.jar;C:\Users\saura\.m2\repository\com\sun\xml\bind\jaxb-osgi\2.3.0.1\jaxb-osgi-2.3.0.1.jar;C:\Users\saura\.m2\repository\org\apache\sling\org.apache.sling.javax.activation\0.1.0\org.apache.sling.javax.activation-0.1.0.jar;C:\Users\saura\.m2\repository\javax\activation\activation\1.1.1\activation-1.1.1.jar;C:\Users\saura\.m2\repository\org\apache\maven\surefire\surefire-testng-utils\2.22.0\surefire-testng-utils-2.22.0.jar;C:\Users\saura\.m2\repository\org\apache\maven\surefire\surefire-grouper\2.22.0\surefire-grouper-2.22.0.jar;"/>
    <property name="sun.cpu.endian" value="little"/>
    <property name="user.home" value="C:\Users\saura"/>
    <property name="user.language" value="en"/>
    <property name="java.specification.vendor" value="Oracle Corporation"/>
    <property name="java.version.date" value="2022-10-18"/>
    <property name="java.home" value="C:\Program Files\Java\jdk-17.0.5"/>
    <property name="file.separator" value="\"/>
    <property name="basedir" value="C:\Users\saura\eclipse-workspace\ET_API_Test"/>
    <property name="java.vm.compressedOopsMode" value="32-bit"/>
    <property name="line.separator" value="&#10;"/>
    <property name="java.vm.specification.vendor" value="Oracle Corporation"/>
    <property name="java.specification.name" value="Java Platform API Specification"/>
    <property name="surefire.real.class.path" value="C:\Users\saura\AppData\Local\Temp\surefire6335483218626133013\surefirebooter13035988136804732083.jar"/>
    <property name="user.script" value=""/>
    <property name="sun.management.compiler" value="HotSpot 64-Bit Tiered Compilers"/>
    <property name="java.runtime.version" value="17.0.5+9-LTS-191"/>
    <property name="user.name" value="saura"/>
    <property name="path.separator" value=";"/>
    <property name="os.version" value="10.0"/>
    <property name="java.runtime.name" value="Java(TM) SE Runtime Environment"/>
    <property name="file.encoding" value="Cp1252"/>
    <property name="java.vm.name" value="Java HotSpot(TM) 64-Bit Server VM"/>
    <property name="localRepository" value="C:\Users\saura\.m2\repository"/>
    <property name="java.vendor.url.bug" value="https://bugreport.java.com/bugreport/"/>
    <property name="java.io.tmpdir" value="C:\Users\saura\AppData\Local\Temp\"/>
    <property name="java.version" value="17.0.5"/>
    <property name="user.dir" value="C:\Users\saura\eclipse-workspace\ET_API_Test"/>
    <property name="os.arch" value="amd64"/>
    <property name="java.vm.specification.name" value="Java Virtual Machine Specification"/>
    <property name="sun.os.patch.level" value=""/>
    <property name="native.encoding" value="Cp1252"/>
    <property name="java.library.path" value="C:\Program Files\Java\jdk-17.0.5\bin;C:\WINDOWS\Sun\Java\bin;C:\WINDOWS\system32;C:\WINDOWS;C:/eclipse//plugins/org.eclipse.justj.openjdk.hotspot.jre.full.win32.x86_64_15.0.2.v20210201-0955/jre/bin/server;C:/eclipse//plugins/org.eclipse.justj.openjdk.hotspot.jre.full.win32.x86_64_15.0.2.v20210201-0955/jre/bin;C:\Program Files\Common Files\Oracle\Java\javapath;C:\WINDOWS\system32;C:\WINDOWS;C:\WINDOWS\System32\Wbem;C:\WINDOWS\System32\WindowsPowerShell\v1.0\;C:\WINDOWS\System32\OpenSSH\;C:\Program Files\Java\jdk-17.0.5\bin;C:\Program Files\apache-maven-3.8.6\bin;C:\Program Files\Git\cmd;C:\Program Files\Git\mingw64\bin;C:\Program Files\Git\usr\bin;C:\Users\saura\AppData\Local\Microsoft\WindowsApps;;C:\Program Files\JetBrains\IntelliJ IDEA Community Edition 2022.3.1\bin;;C:\eclipse;;."/>
    <property name="java.vm.info" value="mixed mode, sharing"/>
    <property name="java.vendor" value="Oracle Corporation"/>
    <property name="java.vm.version" value="17.0.5+9-LTS-191"/>
    <property name="sun.io.unicode.encoding" value="UnicodeLittle"/>
    <property name="java.class.version" value="61.0"/>
  </properties>
</testsuite>